<?xml version="1.0" encoding="UTF-8"?>
<!-- Generated by org.testng.reporters.JUnitXMLReporter -->
<testsuite ignored="0" hostname="LAPTOP-5BPOHLHL" failures="0" tests="4" name="Surefire test" time="1.323" errors="0" timestamp="2025-04-30T09:24:28 PET">
  <testcase classname="principal.ExcelMostruoTests" name="cuartoTest" time="0.038"/>
  <testcase classname="principal.ExcelMostruoTests" name="primerTest" time="0.006"/>
  <testcase classname="principal.ExcelMostruoTests" name="segundoTest" time="0.004"/>
  <testcase classname="principal.ExcelMostruoTests" name="tercerTest" time="0.002"/>
</testsuite> <!-- Surefire test -->
