<?xml version="1.0" encoding="UTF-8"?>
<testsuite xmlns:xsi="http://www.w3.org/2001/XMLSchema-instance" xsi:noNamespaceSchemaLocation="https://maven.apache.org/surefire/maven-surefire-plugin/xsd/surefire-test-report.xsd" version="3.0.2" name="TestSuite" time="4.236" tests="4" errors="0" skipped="0" failures="0">
  <properties>
[...]
</properties>
  <testcase name="cuartoTest" classname="principal.ExcelMostruoTests" time="0.044"/>
  <testcase name="primerTest" classname="principal.ExcelMostruoTests" time="0.008"/>
  <testcase name="segundoTest" classname="principal.ExcelMostruoTests" time="0.006"/>
  <testcase name="tercerTest" classname="principal.ExcelMostruoTests" time="0.003"/>
</testsuite>